[
  {
    "level": "INFO",
    "message": "android.ndkVersion from module build.gradle is not set"
  },
  {
    "level": "INFO",
    "message": "ndk.dir in local.properties is /Users/aleksandrmykhailenko/Library/Android/sdk/ndk-bundle"
  },
  {
    "level": "INFO",
    "message": "ANDROID_NDK_HOME environment variable is not set"
  },
  {
    "level": "INFO",
    "message": "sdkFolder is /Users/aleksandrmykhailenko/Library/Android/sdk"
  },
  {
    "level": "INFO",
    "message": "Considering /Users/aleksandrmykhailenko/Library/Android/sdk/ndk-bundle by ndk.dir"
  },
  {
    "level": "INFO",
    "message": "Considering /Users/aleksandrmykhailenko/Library/Android/sdk/ndk-bundle in SDK ndk-bundle folder"
  },
  {
    "level": "INFO",
    "message": "Considering /Users/aleksandrmykhailenko/Library/Android/sdk/ndk/21.0.6113669 in SDK ndk folder"
  },
  {
    "level": "INFO",
    "message": "Found requested ndk.dir (/Users/aleksandrmykhailenko/Library/Android/sdk/ndk-bundle) which has version 17.0.4754217"
  }
]